<?xml version="1.0" encoding="utf-8"?><testsuites><testsuite name="pytest" errors="0" failures="0" skipped="1" tests="3" time="0.199" timestamp="2026-08-13T14:35:23.354893" hostname="Taneesh"><testcase classname="nav_monitor.test.test_copyright" name="test_copyright" time="0.000"><skipped type="pytest.skip" message="No copyright header has been placed in the generated source file.">/home/taneesh/Nav2_Assessment_ws/src/nav_monitor/test/test_copyright.py:23: No copyright header has been placed in the generated source file.</skipped></testcase><testcase classname="nav_monitor.test.test_flake8" name="test_flake8" time="0.111" /><testcase classname="nav_monitor.test.test_pep257" name="test_pep257" time="0.016" /></testsuite></testsuites>