<?xml version="1.0" encoding="utf-8"?><testsuites><testsuite name="pytest" errors="0" failures="0" skipped="1" tests="3" time="0.189" timestamp="2026-08-13T14:35:23.162030" hostname="Taneesh"><testcase classname="assessment_launch.test.test_copyright" name="test_copyright" time="0.000"><skipped type="pytest.skip" message="No copyright header has been placed in the generated source file.">/home/taneesh/Nav2_Assessment_ws/src/assessment_launch/test/test_copyright.py:23: No copyright header has been placed in the generated source file.</skipped></testcase><testcase classname="assessment_launch.test.test_flake8" name="test_flake8" time="0.098" /><testcase classname="assessment_launch.test.test_pep257" name="test_pep257" time="0.012" /></testsuite></testsuites>